<=== Calculado con Tol: 1e-06  ===>

k:0   xl:-0.4  f(xl): 9.229849   x2:-0.002755  f(x2):9.010522  x1:0.242755   f(x1):9.020241   xu:0.64   f(xu):9.264336   d:0.642755
 x: 0.242755 f(x): 0.281648   f'(x): 0.281648
k:1   xl:-0.4  f(xl): 9.229849   x2:-0.154489  f(x2):9.063379  x1:-0.002755   f(x1):9.010522   xu:0.242755   f(xu):9.020241   d:0.397245
 x: -0.154489 f(x): -0.487286   f'(x): -0.487286
k:2   xl:-0.154489  f(xl): 9.063379   x2:-0.002755  f(x2):9.010522  x1:0.091021   f(x1):9.000081   xu:0.242755   f(xu):9.020241   d:0.245511
 x: -0.002755 f(x): -0.204067   f'(x): -0.204067
k:3   xl:-0.002755  f(xl): 9.010522   x2:0.091021  f(x2):9.000081  x1:0.148979   f(x1):9.002397   xu:0.242755   f(xu):9.020241   d:0.151734
 x: 0.148979 f(x): 0.097801   f'(x): 0.097801
k:4   xl:-0.002755  f(xl): 9.010522   x2:0.055202  f(x2):9.002006  x1:0.091021   f(x1):9.000081   xu:0.148979   f(xu):9.002397   d:0.093777
 x: 0.055202 f(x): -0.089476   f'(x): -0.089476
k:5   xl:0.055202  f(xl): 9.002006   x2:0.091021  f(x2):9.000081  x1:0.113159   f(x1):9.000173   xu:0.148979   f(xu):9.002397   d:0.057957
 x: 0.113159 f(x): 0.026315   f'(x): 0.026315
k:6   xl:0.055202  f(xl): 9.002006   x2:0.07734  f(x2):9.000513  x1:0.091021   f(x1):9.000081   xu:0.113159   f(xu):9.000173   d:0.03582
 x: 0.07734 f(x): -0.045305   f'(x): -0.045305
k:7   xl:0.07734  f(xl): 9.000513   x2:0.091021  f(x2):9.000081  x1:0.099477   f(x1):9.0   xu:0.113159   f(xu):9.000173   d:0.022138
 x: 0.091021 f(x): -0.017956   f'(x): -0.017956
k:8   xl:0.091021  f(xl): 9.000081   x2:0.099477  f(x2):9.0  x1:0.104703   f(x1):9.000022   xu:0.113159   f(xu):9.000173   d:0.013682
 x: 0.104703 f(x): 0.009406   f'(x): 0.009406
k:9   xl:0.091021  f(xl): 9.000081   x2:0.096247  f(x2):9.000014  x1:0.099477   f(x1):9.0   xu:0.104703   f(xu):9.000022   d:0.008456
 x: 0.096247 f(x): -0.007505   f'(x): -0.007505
k:10   xl:0.096247  f(xl): 9.000014   x2:0.099477  f(x2):9.0  x1:0.101473   f(x1):9.000002   xu:0.104703   f(xu):9.000022   d:0.005226
 x: 0.101473 f(x): 0.002947   f'(x): 0.002947
k:11   xl:0.096247  f(xl): 9.000014   x2:0.098244  f(x2):9.000003  x1:0.099477   f(x1):9.0   xu:0.101473   f(xu):9.000002   d:0.00323
 x: 0.098244 f(x): -0.003513   f'(x): -0.003513
k:12   xl:0.098244  f(xl): 9.000003   x2:0.099477  f(x2):9.0  x1:0.10024   f(x1):9.0   xu:0.101473   f(xu):9.000002   d:0.001996
 x: 0.099477 f(x): -0.001046   f'(x): -0.001046
k:13   xl:0.099477  f(xl): 9.0   x2:0.10024  f(x2):9.0  x1:0.100711   f(x1):9.000001   xu:0.101473   f(xu):9.000002   d:0.001234
 x: 0.100711 f(x): 0.001422   f'(x): 0.001422
k:14   xl:0.099477  f(xl): 9.0   x2:0.099948  f(x2):9.0  x1:0.10024   f(x1):9.0   xu:0.100711   f(xu):9.000001   d:0.000762
 x: 0.10024 f(x): 0.000479   f'(x): 0.000479
k:15   xl:0.099477  f(xl): 9.0   x2:0.099768  f(x2):9.0  x1:0.099948   f(x1):9.0   xu:0.10024   f(xu):9.0   d:0.000471
 x: 0.099768 f(x): -0.000463   f'(x): -0.000463
k:16   xl:0.099768  f(xl): 9.0   x2:0.099948  f(x2):9.0  x1:0.10006   f(x1):9.0   xu:0.10024   f(xu):9.0   d:0.000291
 x: 0.10006 f(x): 0.000119   f'(x): 0.000119
k:17   xl:0.099768  f(xl): 9.0   x2:0.09988  f(x2):9.0  x1:0.099948   f(x1):9.0   xu:0.10006   f(xu):9.0   d:0.00018
 x: 0.09988 f(x): -0.000241   f'(x): -0.000241
k:18   xl:0.09988  f(xl): 9.0   x2:0.099948  f(x2):9.0  x1:0.099991   f(x1):9.0   xu:0.10006   f(xu):9.0   d:0.000111
 x: 0.099948 f(x): -0.000103   f'(x): -0.000103
k:19   xl:0.099948  f(xl): 9.0   x2:0.099991  f(x2):9.0  x1:0.100017   f(x1):9.0   xu:0.10006   f(xu):9.0   d:6.9e-05
 x: 0.100017 f(x): 3.4e-05   f'(x): 3.4e-05
k:20   xl:0.099948  f(xl): 9.0   x2:0.099975  f(x2):9.0  x1:0.099991   f(x1):9.0   xu:0.100017   f(xu):9.0   d:4.2e-05
 x: 0.099975 f(x): -5.1e-05   f'(x): -5.1e-05
k:21   xl:0.099975  f(xl): 9.0   x2:0.099991  f(x2):9.0  x1:0.100001   f(x1):9.0   xu:0.100017   f(xu):9.0   d:2.6e-05
 x: 0.099991 f(x): -1.8e-05   f'(x): -1.8e-05
k:22   xl:0.099991  f(xl): 9.0   x2:0.100001  f(x2):9.0  x1:0.100007   f(x1):9.0   xu:0.100017   f(xu):9.0   d:1.6e-05
 x: 0.100007 f(x): 1.4e-05   f'(x): 1.4e-05
k:23   xl:0.099991  f(xl): 9.0   x2:0.099997  f(x2):9.0  x1:0.100001   f(x1):9.0   xu:0.100007   f(xu):9.0   d:1e-05
 x: 0.099997 f(x): -6e-06   f'(x): -6e-06
k:24   xl:0.099997  f(xl): 9.0   x2:0.100001  f(x2):9.0  x1:0.100003   f(x1):9.0   xu:0.100007   f(xu):9.0   d:6e-06
 x: 0.100003 f(x): 7e-06   f'(x): 7e-06
k:25   xl:0.099997  f(xl): 9.0   x2:0.1  f(x2):9.0  x1:0.100001   f(x1):9.0   xu:0.100003   f(xu):9.0   d:4e-06
 x: 0.100001 f(x): 2e-06   f'(x): 2e-06
k:26   xl:0.099997  f(xl): 9.0   x2:0.099999  f(x2):9.0  x1:0.1   f(x1):9.0   xu:0.100001   f(xu):9.0   d:2e-06
 x: 0.099999 f(x): -3e-06   f'(x): -3e-06
k:27   xl:0.099999  f(xl): 9.0   x2:0.1  f(x2):9.0  x1:0.1   f(x1):9.0   xu:0.100001   f(xu):9.0   d:1e-06
 x: 0.1 f(x): -1e-06   f'(x): -1e-06
k:28   xl:0.1  f(xl): 9.0   x2:0.1  f(x2):9.0  x1:0.1   f(x1):9.0   xu:0.100001   f(xu):9.0   d:1e-06
 x: 0.1 f(x): 1e-06   f'(x): 1e-06
k:29   xl:0.1  f(xl): 9.0   x2:0.1  f(x2):9.0  x1:0.1   f(x1):9.0   xu:0.1   f(xu):9.0   d:1e-06
 x: 0.1 f(x): -0.0   f'(x): -0.0
Mínimo encontrado con Tol = 1e-06  x: 0.1   f(x): 9.0   f'(x): 0.0